<?xml version="1.0" encoding="utf-8"?><testsuites name="pytest tests"><testsuite name="pytest" errors="0" failures="0" skipped="0" tests="12" time="22.473" timestamp="2026-03-16T20:50:07.427377+00:00" hostname="agent-env-5f42a34c-25cf-403e-ae75-a26518dc6483"><testcase classname="backend.tests.test_trivia_features.TestAuth" name="test_login_success" time="0.431" /><testcase classname="backend.tests.test_trivia_features.TestQuestionsAPI" name="test_create_question" time="0.551" /><testcase classname="backend.tests.test_trivia_features.TestQuestionsAPI" name="test_update_question_put_endpoint" time="0.425" /><testcase classname="backend.tests.test_trivia_features.TestQuestionsAPI" name="test_get_questions" time="0.107" /><testcase classname="backend.tests.test_trivia_features.TestDeleteAllQuestions" name="test_delete_all_questions_endpoint" time="1.255" /><testcase classname="backend.tests.test_trivia_features.TestSessionsCSVExport" name="test_export_session_csv" time="1.073" /><testcase classname="backend.tests.test_trivia_features.TestSessionsCSVExport" name="test_create_session_with_is_past" time="0.292" /><testcase classname="backend.tests.test_trivia_features.TestImageUpload" name="test_image_upload" time="0.645" /><testcase classname="backend.tests.test_trivia_features.TestAIImageGeneration" name="test_ai_image_generation" time="16.832" /><testcase classname="backend.tests.test_trivia_features.TestExistingEndpoints" name="test_get_stats" time="0.499" /><testcase classname="backend.tests.test_trivia_features.TestExistingEndpoints" name="test_get_categories" time="0.126" /><testcase classname="backend.tests.test_trivia_features.TestExistingEndpoints" name="test_get_sessions" time="0.120" /></testsuite></testsuites>