<?xml version="1.0" encoding="utf-8"?><testsuites name="pytest tests"><testsuite name="pytest" errors="0" failures="0" skipped="0" tests="17" time="13.865" timestamp="2026-03-22T19:20:11.716599+00:00" hostname="agent-env-fa26dee4-0d35-4e08-a401-1a2f1269422b"><testcase classname="backend.tests.test_wagering_features.TestGameCreationWithCustomPoints" name="test_create_game_with_custom_points" time="0.689" /><testcase classname="backend.tests.test_wagering_features.TestGameCreationWithCustomPoints" name="test_create_game_default_points" time="0.240" /><testcase classname="backend.tests.test_wagering_features.TestJoinGameByCode" name="test_join_game_returns_player_id" time="0.256" /><testcase classname="backend.tests.test_wagering_features.TestSetPointsForQuestion" name="test_set_points_for_question" time="0.414" /><testcase classname="backend.tests.test_wagering_features.TestSetPointsForQuestion" name="test_set_points_invalid_index" time="0.468" /><testcase classname="backend.tests.test_wagering_features.TestWageringPhase" name="test_picture_question_enters_wagering_status" time="1.244" /><testcase classname="backend.tests.test_wagering_features.TestWageringPhase" name="test_regular_question_goes_to_question_status" time="0.369" /><testcase classname="backend.tests.test_wagering_features.TestWagerSubmission" name="test_submit_wager_capped_at_current_score" time="2.091" /><testcase classname="backend.tests.test_wagering_features.TestStartAnswering" name="test_start_answering_transitions_to_question" time="1.498" /><testcase classname="backend.tests.test_wagering_features.TestStartAnswering" name="test_start_answering_fails_when_not_wagering" time="0.197" /><testcase classname="backend.tests.test_wagering_features.TestChangeAnswer" name="test_change_answer_rescores" time="0.887" /><testcase classname="backend.tests.test_wagering_features.TestOverrideScore" name="test_override_score_sets_any_value" time="0.722" /><testcase classname="backend.tests.test_wagering_features.TestOverrideScore" name="test_override_score_negative" time="0.745" /><testcase classname="backend.tests.test_wagering_features.TestRevealShowScoresEnd" name="test_reveal_answer_returns_proper_state" time="0.840" /><testcase classname="backend.tests.test_wagering_features.TestRevealShowScoresEnd" name="test_show_scores_returns_proper_state" time="0.978" /><testcase classname="backend.tests.test_wagering_features.TestRevealShowScoresEnd" name="test_end_game_returns_proper_state" time="0.687" /><testcase classname="backend.tests.test_wagering_features.TestPresentationState" name="test_presentation_shows_wagering_status" time="1.404" /></testsuite></testsuites>