<?xml version="1.0" encoding="utf-8"?><testsuites name="pytest tests"><testsuite name="pytest" errors="0" failures="0" skipped="0" tests="11" time="3.788" timestamp="2026-03-23T00:32:07.544396+00:00" hostname="agent-env-fa26dee4-0d35-4e08-a401-1a2f1269422b"><testcase classname="backend.tests.test_build_session_features.TestQuestionCreation" name="test_create_true_false_question" time="0.601" /><testcase classname="backend.tests.test_build_session_features.TestQuestionCreation" name="test_create_multiple_choice_question" time="0.119" /><testcase classname="backend.tests.test_build_session_features.TestQuestionCreation" name="test_create_written_question" time="0.062" /><testcase classname="backend.tests.test_build_session_features.TestQuestionCreation" name="test_create_picture_question_with_image_url" time="0.064" /><testcase classname="backend.tests.test_build_session_features.TestSessionWithScoring" name="test_create_session_with_scoring" time="0.192" /><testcase classname="backend.tests.test_build_session_features.TestSessionWithScoring" name="test_create_session_without_scoring" time="0.190" /><testcase classname="backend.tests.test_build_session_features.TestSessionWithScoring" name="test_get_session_returns_scoring" time="0.255" /><testcase classname="backend.tests.test_build_session_features.TestGameCreationWithScoring" name="test_create_game_with_scoring_from_request" time="0.253" /><testcase classname="backend.tests.test_build_session_features.TestGameCreationWithScoring" name="test_create_game_uses_session_scoring" time="0.187" /><testcase classname="backend.tests.test_build_session_features.TestGameCreationWithScoring" name="test_create_game_scoring_overrides_session" time="0.325" /><testcase classname="backend.tests.test_build_session_features.TestCleanup" name="test_cleanup_test_questions" time="1.431" /></testsuite></testsuites>