<?xml version="1.0" encoding="utf-8"?><testsuites name="pytest tests"><testsuite name="pytest" errors="0" failures="0" skipped="0" tests="18" time="27.169" timestamp="2026-03-22T17:18:18.963480+00:00" hostname="agent-env-5f42a34c-25cf-403e-ae75-a26518dc6483"><testcase classname="backend.tests.test_live_game.TestGameCreation" name="test_create_game_success" time="11.828" /><testcase classname="backend.tests.test_live_game.TestGameCreation" name="test_create_game_invalid_session" time="4.204" /><testcase classname="backend.tests.test_live_game.TestGameCreation" name="test_create_game_requires_auth" time="0.131" /><testcase classname="backend.tests.test_live_game.TestPlayerJoin" name="test_join_game_success" time="0.220" /><testcase classname="backend.tests.test_live_game.TestPlayerJoin" name="test_join_game_invalid_code" time="0.096" /><testcase classname="backend.tests.test_live_game.TestPlayerJoin" name="test_join_game_no_auth_required" time="0.199" /><testcase classname="backend.tests.test_live_game.TestPlayerJoin" name="test_join_game_duplicate_name_reconnects" time="0.355" /><testcase classname="backend.tests.test_live_game.TestHostState" name="test_get_host_state" time="2.043" /><testcase classname="backend.tests.test_live_game.TestHostState" name="test_host_state_requires_auth" time="0.562" /><testcase classname="backend.tests.test_live_game.TestPresentationState" name="test_get_presentation_state" time="0.208" /><testcase classname="backend.tests.test_live_game.TestGameFlow" name="test_next_question" time="0.394" /><testcase classname="backend.tests.test_live_game.TestGameFlow" name="test_submit_answer" time="0.545" /><testcase classname="backend.tests.test_live_game.TestGameFlow" name="test_reveal_answer" time="0.544" /><testcase classname="backend.tests.test_live_game.TestGameFlow" name="test_show_scores" time="0.689" /><testcase classname="backend.tests.test_live_game.TestGameFlow" name="test_end_game" time="0.411" /><testcase classname="backend.tests.test_live_game.TestScoreOverride" name="test_override_score" time="3.697" /><testcase classname="backend.tests.test_live_game.TestAutoScoring" name="test_exact_match_true_false" time="0.800" /><testcase classname="backend.tests.test_live_game.TestWebSocketEndpoint" name="test_websocket_url_format" time="0.104" /></testsuite></testsuites>