<?xml version="1.0" encoding="utf-8"?><testsuites name="pytest tests"><testsuite name="pytest" errors="0" failures="0" skipped="0" tests="8" time="130.998" timestamp="2026-03-17T02:42:13.933448+00:00" hostname="agent-env-5f42a34c-25cf-403e-ae75-a26518dc6483"><testcase classname="backend.tests.test_theme_round.TestThemeRoundGeneration" name="test_theme_round_endpoint_exists" time="17.578" /><testcase classname="backend.tests.test_theme_round.TestThemeRoundGeneration" name="test_theme_round_response_structure" time="15.282" /><testcase classname="backend.tests.test_theme_round.TestThemeRoundGeneration" name="test_theme_round_question_structure" time="18.957" /><testcase classname="backend.tests.test_theme_round.TestThemeRoundGeneration" name="test_theme_round_with_exclude_questions" time="31.118" /><testcase classname="backend.tests.test_theme_round.TestThemeRoundGeneration" name="test_theme_round_subject_validation" time="13.939" /><testcase classname="backend.tests.test_theme_round.TestThemeRoundGeneration" name="test_theme_round_category_field" time="15.079" /><testcase classname="backend.tests.test_theme_round.TestThemeRoundSaveQuestion" name="test_save_theme_question" time="18.816" /><testcase classname="backend.tests.test_theme_round.TestThemeRoundAPIAuth" name="test_theme_round_requires_auth" time="0.116" /></testsuite></testsuites>