<?xml version="1.0" encoding="utf-8"?><testsuites name="pytest tests"><testsuite name="pytest" errors="0" failures="0" skipped="0" tests="20" time="6.556" timestamp="2026-03-23T03:02:26.760479+00:00" hostname="agent-env-fa26dee4-0d35-4e08-a401-1a2f1269422b"><testcase classname="backend.tests.test_p1_features.TestTimerFeature" name="test_create_game_with_timer_duration" time="0.748" /><testcase classname="backend.tests.test_p1_features.TestTimerFeature" name="test_create_game_with_zero_timer" time="0.114" /><testcase classname="backend.tests.test_p1_features.TestTimerFeature" name="test_timer_starts_on_next_question" time="0.227" /><testcase classname="backend.tests.test_p1_features.TestTimerFeature" name="test_timer_cleared_on_reveal" time="0.314" /><testcase classname="backend.tests.test_p1_features.TestTimerFeature" name="test_timer_cleared_on_scores" time="0.324" /><testcase classname="backend.tests.test_p1_features.TestTimerFeature" name="test_set_timer_endpoint" time="0.168" /><testcase classname="backend.tests.test_p1_features.TestTimerFeature" name="test_timer_in_player_state" time="0.347" /><testcase classname="backend.tests.test_p1_features.TestGameHistoryFeature" name="test_game_history_saved_on_end" time="0.861" /><testcase classname="backend.tests.test_p1_features.TestGameHistoryFeature" name="test_game_history_saved_on_natural_finish" time="0.620" /><testcase classname="backend.tests.test_p1_features.TestGameHistoryFeature" name="test_get_game_history_list" time="0.051" /><testcase classname="backend.tests.test_p1_features.TestGameHistoryFeature" name="test_get_game_history_detail" time="0.581" /><testcase classname="backend.tests.test_p1_features.TestGameHistoryFeature" name="test_no_duplicate_history_entries" time="0.632" /><testcase classname="backend.tests.test_p1_features.TestCrashResilienceFeature" name="test_active_game_persisted_to_db" time="0.338" /><testcase classname="backend.tests.test_p1_features.TestCrashResilienceFeature" name="test_game_state_persisted_on_key_changes" time="0.452" /><testcase classname="backend.tests.test_p1_features.TestTimerPresets" name="test_timer_preset_values[0]" time="0.101" /><testcase classname="backend.tests.test_p1_features.TestTimerPresets" name="test_timer_preset_values[15]" time="0.108" /><testcase classname="backend.tests.test_p1_features.TestTimerPresets" name="test_timer_preset_values[30]" time="0.110" /><testcase classname="backend.tests.test_p1_features.TestTimerPresets" name="test_timer_preset_values[45]" time="0.108" /><testcase classname="backend.tests.test_p1_features.TestTimerPresets" name="test_timer_preset_values[60]" time="0.108" /><testcase classname="backend.tests.test_p1_features.TestTimerPresets" name="test_timer_preset_values[90]" time="0.102" /></testsuite></testsuites>